<?xml version="1.0" encoding="UTF-8"?>
<!-- Generated by org.testng.reporters.JUnitXMLReporter -->
<testsuite ignored="0" hostname="Aravinda" failures="5" tests="34" name="SeleniumTraining" time="304.961" errors="0" timestamp="2024-12-13T13:15:16 IST">
  <testcase classname="com.synechron.selenium.basics.AutoSuggestions" name="testAutoSuggestions" time="10.011"/>
  <testcase classname="com.synechron.selenium.basics.waits.WebDriverWaitDemo" name="fluentWaitDemo" time="3.382"/>
  <testcase classname="com.synechron.selenium.basics.waits.WebDriverWaitDemo" name="fluentwaitDemo2" time="60.285">
    <failure type="org.openqa.selenium.TimeoutException" message="Expected condition failed: waiting for com.synechron.selenium.basics.waits.WebDriverWaitDemo$2@6e0ff644 (tried for 60 second(s) with 100 milliseconds interval)">
      <![CDATA[org.openqa.selenium.TimeoutException: Expected condition failed: waiting for com.synechron.selenium.basics.waits.WebDriverWaitDemo$2@6e0ff644 (tried for 60 second(s) with 100 milliseconds interval)
at org.openqa.selenium.support.ui.FluentWait.timeoutException(FluentWait.java:265)
at org.openqa.selenium.support.ui.FluentWait.until(FluentWait.java:228)
at com.synechron.selenium.basics.waits.WebDriverWaitDemo.fluentwaitDemo2(WebDriverWaitDemo.java:101)
at java.base/java.util.ArrayList.forEach(ArrayList.java:1511)
at com.intellij.rt.testng.IDEARemoteTestNG.run(IDEARemoteTestNG.java:65)
at com.intellij.rt.testng.RemoteTestNGStarter.main(RemoteTestNGStarter.java:105)
Caused by: org.openqa.selenium.NoSuchWindowException: no such window: target window already closed
from unknown error: web view not found
  (Session info: MicrosoftEdge=131.0.2903.99)
Build info: version: '4.27.0', revision: 'd6e718d134'
System info: os.name: 'Windows 11', os.arch: 'amd64', os.version: '10.0', java.version: '17.0.10'
Driver info: org.openqa.selenium.edge.EdgeDriver
Command: [7190d82a6008eb38c46b3704a3aef3d0, getElementText {id=f.9C5B0173577E7F2D43B076B438DBBA0E.d.57F9E1966EF7D9215B9930C465EE7C56.e.2}]
Capabilities {acceptInsecureCerts: false, browserName: MicrosoftEdge, browserVersion: 131.0.2903.99, fedcm:accounts: true, ms:edgeOptions: {debuggerAddress: localhost:60584}, msedge: {msedgedriverVersion: 131.0.2903.86 (cf5bf303997c..., userDataDir: C:\Users\aru03\AppData\Loca...}, networkConnectionEnabled: false, pageLoadStrategy: normal, platformName: windows, proxy: Proxy(), se:cdp: ws://localhost:60584/devtoo..., se:cdpVersion: 131.0.2903.99, setWindowRect: true, strictFileInteractability: false, timeouts: {implicit: 0, pageLoad: 300000, script: 30000}, unhandledPromptBehavior: dismiss and notify, webauthn:extension:credBlob: true, webauthn:extension:largeBlob: true, webauthn:extension:minPinLength: true, webauthn:extension:prf: true, webauthn:virtualAuthenticators: true}
Element: [[EdgeDriver: MicrosoftEdge on windows (7190d82a6008eb38c46b3704a3aef3d0)] -> id: counter]
Session ID: 7190d82a6008eb38c46b3704a3aef3d0
at org.openqa.selenium.remote.ErrorCodec.decode(ErrorCodec.java:167)
at org.openqa.selenium.remote.codec.w3c.W3CHttpResponseCodec.decode(W3CHttpResponseCodec.java:138)
at org.openqa.selenium.remote.codec.w3c.W3CHttpResponseCodec.decode(W3CHttpResponseCodec.java:50)
at org.openqa.selenium.remote.HttpCommandExecutor.execute(HttpCommandExecutor.java:190)
at org.openqa.selenium.remote.service.DriverCommandExecutor.invokeExecute(DriverCommandExecutor.java:216)
at org.openqa.selenium.remote.service.DriverCommandExecutor.execute(DriverCommandExecutor.java:174)
at org.openqa.selenium.remote.RemoteWebDriver.execute(RemoteWebDriver.java:545)
at org.openqa.selenium.remote.RemoteWebElement.execute(RemoteWebElement.java:223)
at org.openqa.selenium.remote.RemoteWebElement.getText(RemoteWebElement.java:191)
at com.synechron.selenium.basics.waits.WebDriverWaitDemo$2.apply(WebDriverWaitDemo.java:90)
at com.synechron.selenium.basics.waits.WebDriverWaitDemo$2.apply(WebDriverWaitDemo.java:88)
at org.openqa.selenium.support.ui.FluentWait.until(FluentWait.java:203)
... 28 more
... Removed 28 stack frames]]>
    </failure>
  </testcase> <!-- fluentwaitDemo2 -->
  <testcase classname="com.synechron.selenium.basics.waits.WebDriverWaitDemo" name="webDriverWaitDemo" time="10.613">
    <failure type="org.openqa.selenium.TimeoutException" message="Expected condition failed: waiting for visibility of [[EdgeDriver: MicrosoftEdge on windows (04cd63879e15b74d6a490f20d637db50)] -&amp;gt; id: demo] (tried for 10 second(s) with 500 milliseconds interval)">
      <![CDATA[org.openqa.selenium.TimeoutException: Expected condition failed: waiting for visibility of [[EdgeDriver: MicrosoftEdge on windows (04cd63879e15b74d6a490f20d637db50)] -> id: demo] (tried for 10 second(s) with 500 milliseconds interval)
at org.openqa.selenium.support.ui.WebDriverWait.timeoutException(WebDriverWait.java:84)
at org.openqa.selenium.support.ui.FluentWait.until(FluentWait.java:228)
at com.synechron.selenium.basics.waits.WebDriverWaitDemo.webDriverWaitDemo(WebDriverWaitDemo.java:35)
at java.base/java.util.ArrayList.forEach(ArrayList.java:1511)
at com.intellij.rt.testng.IDEARemoteTestNG.run(IDEARemoteTestNG.java:65)
at com.intellij.rt.testng.RemoteTestNGStarter.main(RemoteTestNGStarter.java:105)
Caused by: org.openqa.selenium.NoSuchWindowException: no such window: target window already closed
from unknown error: web view not found
  (Session info: MicrosoftEdge=131.0.2903.99)
Build info: version: '4.27.0', revision: 'd6e718d134'
System info: os.name: 'Windows 11', os.arch: 'amd64', os.version: '10.0', java.version: '17.0.10'
Driver info: org.openqa.selenium.edge.EdgeDriver
Command: [04cd63879e15b74d6a490f20d637db50, isElementDisplayed {id=f.F2E72A93A7A3CA9CB935E4074C67DADA.d.E4882975B28C5F592592B4A643F3E02B.e.4}]
Capabilities {acceptInsecureCerts: false, browserName: MicrosoftEdge, browserVersion: 131.0.2903.99, fedcm:accounts: true, ms:edgeOptions: {debuggerAddress: localhost:60865}, msedge: {msedgedriverVersion: 131.0.2903.86 (cf5bf303997c..., userDataDir: C:\Users\aru03\AppData\Loca...}, networkConnectionEnabled: false, pageLoadStrategy: normal, platformName: windows, proxy: Proxy(), se:cdp: ws://localhost:60865/devtoo..., se:cdpVersion: 131.0.2903.99, setWindowRect: true, strictFileInteractability: false, timeouts: {implicit: 0, pageLoad: 300000, script: 30000}, unhandledPromptBehavior: dismiss and notify, webauthn:extension:credBlob: true, webauthn:extension:largeBlob: true, webauthn:extension:minPinLength: true, webauthn:extension:prf: true, webauthn:virtualAuthenticators: true}
Element: [[EdgeDriver: MicrosoftEdge on windows (04cd63879e15b74d6a490f20d637db50)] -> id: demo]
Session ID: 04cd63879e15b74d6a490f20d637db50
at org.openqa.selenium.remote.ErrorCodec.decode(ErrorCodec.java:167)
at org.openqa.selenium.remote.codec.w3c.W3CHttpResponseCodec.decode(W3CHttpResponseCodec.java:138)
at org.openqa.selenium.remote.codec.w3c.W3CHttpResponseCodec.decode(W3CHttpResponseCodec.java:50)
at org.openqa.selenium.remote.HttpCommandExecutor.execute(HttpCommandExecutor.java:190)
at org.openqa.selenium.remote.service.DriverCommandExecutor.invokeExecute(DriverCommandExecutor.java:216)
at org.openqa.selenium.remote.service.DriverCommandExecutor.execute(DriverCommandExecutor.java:174)
at org.openqa.selenium.remote.RemoteWebDriver.execute(RemoteWebDriver.java:545)
at org.openqa.selenium.remote.RemoteWebElement.execute(RemoteWebElement.java:223)
at org.openqa.selenium.remote.RemoteWebElement.isDisplayed(RemoteWebElement.java:282)
at org.openqa.selenium.support.ui.ExpectedConditions.elementIfVisible(ExpectedConditions.java:304)
at org.openqa.selenium.support.ui.ExpectedConditions$10.apply(ExpectedConditions.java:290)
at org.openqa.selenium.support.ui.ExpectedConditions$10.apply(ExpectedConditions.java:287)
at org.openqa.selenium.support.ui.FluentWait.until(FluentWait.java:203)
... 28 more
... Removed 28 stack frames]]>
    </failure>
  </testcase> <!-- webDriverWaitDemo -->
  <testcase classname="com.synechron.selenium.basics.testng.HelloWorldTestNG" name="testHelloWorld" time="0.002"/>
  <testcase classname="com.synechron.selenium.basics.testng.TestNGAllAnnotations" name="test1" time="0.0"/>
  <testcase classname="com.synechron.selenium.basics.testng.TestNGAllAnnotations" name="test2" time="0.001"/>
  <testcase classname="com.synechron.selenium.basics.testng.TestNGAllAnnotations" name="test2" time="0.001"/>
  <testcase classname="com.synechron.selenium.basics.testng.TestNGAllAnnotations" name="test2" time="0.0"/>
  <testcase classname="com.synechron.selenium.basics.testng.TestNGAllAnnotations" name="test2" time="0.0"/>
  <testcase classname="com.synechron.selenium.basics.testng.TestNGAllAnnotations" name="test2" time="0.0"/>
  <testcase classname="com.synechron.selenium.basics.testng.TestNGAllAnnotations" name="test2" time="0.001"/>
  <testcase classname="com.synechron.selenium.basics.testng.TestNGAllAnnotations" name="test2" time="0.0"/>
  <testcase classname="com.synechron.selenium.basics.testng.TestNGAllAnnotations" name="test2" time="0.0"/>
  <testcase classname="com.synechron.selenium.basics.tooltip.ValidateToolTip" name="validateToolTip" time="8.075"/>
  <testcase classname="com.synechron.selenium.basics.actions.ActiondDemo" name="dragAndDrop" time="8.36">
    <failure type="org.openqa.selenium.WebDriverException" message="target frame detached: received Inspector.detached event
  (failed to check if window was closed: disconnected: Unable to receive message from renderer)
  (Session info: MicrosoftEdge=131.0.2903.99)
Build info: version: &amp;apos;4.27.0&amp;apos;, revision: &amp;apos;d6e718d134&amp;apos;
System info: os.name: &amp;apos;Windows 11&amp;apos;, os.arch: &amp;apos;amd64&amp;apos;, os.version: &amp;apos;10.0&amp;apos;, java.version: &amp;apos;17.0.10&amp;apos;
Driver info: org.openqa.selenium.edge.EdgeDriver
Command: [065b57fabc4832d3349ce9d5dfd1a644, get {url=http://jqueryui.com//draggable}]
Capabilities {acceptInsecureCerts: false, browserName: MicrosoftEdge, browserVersion: 131.0.2903.99, fedcm:accounts: true, ms:edgeOptions: {debuggerAddress: localhost:60996}, msedge: {msedgedriverVersion: 131.0.2903.86 (cf5bf303997c..., userDataDir: C:\Users\aru03\AppData\Loca...}, networkConnectionEnabled: false, pageLoadStrategy: normal, platformName: windows, proxy: Proxy(), se:cdp: ws://localhost:60996/devtoo..., se:cdpVersion: 131.0.2903.99, setWindowRect: true, strictFileInteractability: false, timeouts: {implicit: 0, pageLoad: 300000, script: 30000}, unhandledPromptBehavior: dismiss and notify, webauthn:extension:credBlob: true, webauthn:extension:largeBlob: true, webauthn:extension:minPinLength: true, webauthn:extension:prf: true, webauthn:virtualAuthenticators: true}
Session ID: 065b57fabc4832d3349ce9d5dfd1a644">
      <![CDATA[org.openqa.selenium.WebDriverException: target frame detached: received Inspector.detached event
  (failed to check if window was closed: disconnected: Unable to receive message from renderer)
  (Session info: MicrosoftEdge=131.0.2903.99)
Build info: version: '4.27.0', revision: 'd6e718d134'
System info: os.name: 'Windows 11', os.arch: 'amd64', os.version: '10.0', java.version: '17.0.10'
Driver info: org.openqa.selenium.edge.EdgeDriver
Command: [065b57fabc4832d3349ce9d5dfd1a644, get {url=http://jqueryui.com//draggable}]
Capabilities {acceptInsecureCerts: false, browserName: MicrosoftEdge, browserVersion: 131.0.2903.99, fedcm:accounts: true, ms:edgeOptions: {debuggerAddress: localhost:60996}, msedge: {msedgedriverVersion: 131.0.2903.86 (cf5bf303997c..., userDataDir: C:\Users\aru03\AppData\Loca...}, networkConnectionEnabled: false, pageLoadStrategy: normal, platformName: windows, proxy: Proxy(), se:cdp: ws://localhost:60996/devtoo..., se:cdpVersion: 131.0.2903.99, setWindowRect: true, strictFileInteractability: false, timeouts: {implicit: 0, pageLoad: 300000, script: 30000}, unhandledPromptBehavior: dismiss and notify, webauthn:extension:credBlob: true, webauthn:extension:largeBlob: true, webauthn:extension:minPinLength: true, webauthn:extension:prf: true, webauthn:virtualAuthenticators: true}
Session ID: 065b57fabc4832d3349ce9d5dfd1a644
at org.openqa.selenium.remote.ErrorCodec.decode(ErrorCodec.java:167)
at org.openqa.selenium.remote.codec.w3c.W3CHttpResponseCodec.decode(W3CHttpResponseCodec.java:138)
at org.openqa.selenium.remote.codec.w3c.W3CHttpResponseCodec.decode(W3CHttpResponseCodec.java:50)
at org.openqa.selenium.remote.HttpCommandExecutor.execute(HttpCommandExecutor.java:190)
at org.openqa.selenium.remote.service.DriverCommandExecutor.invokeExecute(DriverCommandExecutor.java:216)
at org.openqa.selenium.remote.service.DriverCommandExecutor.execute(DriverCommandExecutor.java:174)
at org.openqa.selenium.remote.RemoteWebDriver.execute(RemoteWebDriver.java:545)
at org.openqa.selenium.remote.RemoteWebDriver.get(RemoteWebDriver.java:313)
at com.synechron.selenium.basics.utils.ApplicationUtils.launchApplication(ApplicationUtils.java:12)
at com.synechron.selenium.basics.actions.ActiondDemo.dragAndDrop(ActiondDemo.java:94)
at java.base/java.util.ArrayList.forEach(ArrayList.java:1511)
at com.intellij.rt.testng.IDEARemoteTestNG.run(IDEARemoteTestNG.java:65)
at com.intellij.rt.testng.RemoteTestNGStarter.main(RemoteTestNGStarter.java:105)
... Removed 29 stack frames]]>
    </failure>
  </testcase> <!-- dragAndDrop -->
  <testcase classname="com.synechron.selenium.basics.actions.ActiondDemo" name="dragAndDropDemo" time="3.724"/>
  <testcase classname="com.synechron.selenium.basics.actions.ActiondDemo" name="miscDemo" time="5.675">
    <failure type="org.openqa.selenium.NoSuchFrameException" message="no such frame
  (Session info: MicrosoftEdge=131.0.2903.99)
Build info: version: &amp;apos;4.27.0&amp;apos;, revision: &amp;apos;d6e718d134&amp;apos;
System info: os.name: &amp;apos;Windows 11&amp;apos;, os.arch: &amp;apos;amd64&amp;apos;, os.version: &amp;apos;10.0&amp;apos;, java.version: &amp;apos;17.0.10&amp;apos;
Driver info: org.openqa.selenium.edge.EdgeDriver
Command: [c806da1739694a1e95e2b6a99249f586, switchToFrame {id=0}]
Capabilities {acceptInsecureCerts: false, browserName: MicrosoftEdge, browserVersion: 131.0.2903.99, fedcm:accounts: true, ms:edgeOptions: {debuggerAddress: localhost:61122}, msedge: {msedgedriverVersion: 131.0.2903.86 (cf5bf303997c..., userDataDir: C:\Users\aru03\AppData\Loca...}, networkConnectionEnabled: false, pageLoadStrategy: normal, platformName: windows, proxy: Proxy(), se:cdp: ws://localhost:61122/devtoo..., se:cdpVersion: 131.0.2903.99, setWindowRect: true, strictFileInteractability: false, timeouts: {implicit: 0, pageLoad: 300000, script: 30000}, unhandledPromptBehavior: dismiss and notify, webauthn:extension:credBlob: true, webauthn:extension:largeBlob: true, webauthn:extension:minPinLength: true, webauthn:extension:prf: true, webauthn:virtualAuthenticators: true}
Session ID: c806da1739694a1e95e2b6a99249f586">
      <![CDATA[org.openqa.selenium.NoSuchFrameException: no such frame
  (Session info: MicrosoftEdge=131.0.2903.99)
Build info: version: '4.27.0', revision: 'd6e718d134'
System info: os.name: 'Windows 11', os.arch: 'amd64', os.version: '10.0', java.version: '17.0.10'
Driver info: org.openqa.selenium.edge.EdgeDriver
Command: [c806da1739694a1e95e2b6a99249f586, switchToFrame {id=0}]
Capabilities {acceptInsecureCerts: false, browserName: MicrosoftEdge, browserVersion: 131.0.2903.99, fedcm:accounts: true, ms:edgeOptions: {debuggerAddress: localhost:61122}, msedge: {msedgedriverVersion: 131.0.2903.86 (cf5bf303997c..., userDataDir: C:\Users\aru03\AppData\Loca...}, networkConnectionEnabled: false, pageLoadStrategy: normal, platformName: windows, proxy: Proxy(), se:cdp: ws://localhost:61122/devtoo..., se:cdpVersion: 131.0.2903.99, setWindowRect: true, strictFileInteractability: false, timeouts: {implicit: 0, pageLoad: 300000, script: 30000}, unhandledPromptBehavior: dismiss and notify, webauthn:extension:credBlob: true, webauthn:extension:largeBlob: true, webauthn:extension:minPinLength: true, webauthn:extension:prf: true, webauthn:virtualAuthenticators: true}
Session ID: c806da1739694a1e95e2b6a99249f586
at org.openqa.selenium.remote.ErrorCodec.decode(ErrorCodec.java:167)
at org.openqa.selenium.remote.codec.w3c.W3CHttpResponseCodec.decode(W3CHttpResponseCodec.java:138)
at org.openqa.selenium.remote.codec.w3c.W3CHttpResponseCodec.decode(W3CHttpResponseCodec.java:50)
at org.openqa.selenium.remote.HttpCommandExecutor.execute(HttpCommandExecutor.java:190)
at org.openqa.selenium.remote.service.DriverCommandExecutor.invokeExecute(DriverCommandExecutor.java:216)
at org.openqa.selenium.remote.service.DriverCommandExecutor.execute(DriverCommandExecutor.java:174)
at org.openqa.selenium.remote.RemoteWebDriver.execute(RemoteWebDriver.java:545)
at org.openqa.selenium.remote.RemoteWebDriver$RemoteTargetLocator.frame(RemoteWebDriver.java:1108)
at com.synechron.selenium.basics.actions.ActiondDemo.miscDemo(ActiondDemo.java:83)
at java.base/java.util.ArrayList.forEach(ArrayList.java:1511)
at com.intellij.rt.testng.IDEARemoteTestNG.run(IDEARemoteTestNG.java:65)
at com.intellij.rt.testng.RemoteTestNGStarter.main(RemoteTestNGStarter.java:105)
... Removed 29 stack frames]]>
    </failure>
  </testcase> <!-- miscDemo -->
  <testcase classname="com.synechron.selenium.basics.actions.ActiondDemo" name="mouseMovementDemo" time="19.063"/>
  <testcase classname="com.synechron.selenium.basics.dropdown.NonSelectTagDemo" name="dropDownUsingSelect" time="10.356"/>
  <testcase classname="com.synechron.selenium.basics.dropdown.NonSelectTagDemo" name="dropDowntest" time="7.39"/>
  <testcase classname="com.synechron.selenium.basics.data.RegisterCustomer" name="dropDownUsingSelect" time="15.408"/>
  <testcase classname="com.synechron.selenium.basics.elements.PrintSearchResults" name="printSearchResults" time="11.699">
    <failure type="org.openqa.selenium.ElementClickInterceptedException" message="element click intercepted: Element &amp;lt;input class=&amp;quot;gNO89b&amp;quot; value=&amp;quot;Google Search&amp;quot; aria-label=&amp;quot;Google Search&amp;quot; name=&amp;quot;btnK&amp;quot; role=&amp;quot;button&amp;quot; tabindex=&amp;quot;0&amp;quot; type=&amp;quot;submit&amp;quot; data-ved=&amp;quot;0ahUKEwiBi9Ljn6SKAxUlIrkGHYSAG0cQ4dUDCBQ&amp;quot;&amp;gt; is not clickable at point (551, 330). Other element would receive the click: &amp;lt;div class=&amp;quot;pcTkSc&amp;quot;&amp;gt;...&amp;lt;/div&amp;gt;
  (Session info: MicrosoftEdge=131.0.2903.99)
Build info: version: &amp;apos;4.27.0&amp;apos;, revision: &amp;apos;d6e718d134&amp;apos;
System info: os.name: &amp;apos;Windows 11&amp;apos;, os.arch: &amp;apos;amd64&amp;apos;, os.version: &amp;apos;10.0&amp;apos;, java.version: &amp;apos;17.0.10&amp;apos;
Driver info: org.openqa.selenium.edge.EdgeDriver
Command: [2ac6ca045c940d28453ca181d267ef4a, clickElement {id=f.7A2F206639ACF0FDF8EE35DB8A0C3E28.d.B9A98EED8139DD159EAD15CD9CC800E2.e.17}]
Capabilities {acceptInsecureCerts: false, browserName: MicrosoftEdge, browserVersion: 131.0.2903.99, fedcm:accounts: true, ms:edgeOptions: {debuggerAddress: localhost:61537}, msedge: {msedgedriverVersion: 131.0.2903.86 (cf5bf303997c..., userDataDir: C:\Users\aru03\AppData\Loca...}, networkConnectionEnabled: false, pageLoadStrategy: normal, platformName: windows, proxy: Proxy(), se:cdp: ws://localhost:61537/devtoo..., se:cdpVersion: 131.0.2903.99, setWindowRect: true, strictFileInteractability: false, timeouts: {implicit: 0, pageLoad: 300000, script: 30000}, unhandledPromptBehavior: dismiss and notify, webauthn:extension:credBlob: true, webauthn:extension:largeBlob: true, webauthn:extension:minPinLength: true, webauthn:extension:prf: true, webauthn:virtualAuthenticators: true}
Element: [[EdgeDriver: MicrosoftEdge on windows (2ac6ca045c940d28453ca181d267ef4a)] -&amp;gt; xpath: //div[@class=&amp;apos;FPdoLc lJ9FBc&amp;apos;]//input[@name=&amp;apos;btnK&amp;apos;]]
Session ID: 2ac6ca045c940d28453ca181d267ef4a">
      <![CDATA[org.openqa.selenium.ElementClickInterceptedException: element click intercepted: Element <input class="gNO89b" value="Google Search" aria-label="Google Search" name="btnK" role="button" tabindex="0" type="submit" data-ved="0ahUKEwiBi9Ljn6SKAxUlIrkGHYSAG0cQ4dUDCBQ"> is not clickable at point (551, 330). Other element would receive the click: <div class="pcTkSc">...</div>
  (Session info: MicrosoftEdge=131.0.2903.99)
Build info: version: '4.27.0', revision: 'd6e718d134'
System info: os.name: 'Windows 11', os.arch: 'amd64', os.version: '10.0', java.version: '17.0.10'
Driver info: org.openqa.selenium.edge.EdgeDriver
Command: [2ac6ca045c940d28453ca181d267ef4a, clickElement {id=f.7A2F206639ACF0FDF8EE35DB8A0C3E28.d.B9A98EED8139DD159EAD15CD9CC800E2.e.17}]
Capabilities {acceptInsecureCerts: false, browserName: MicrosoftEdge, browserVersion: 131.0.2903.99, fedcm:accounts: true, ms:edgeOptions: {debuggerAddress: localhost:61537}, msedge: {msedgedriverVersion: 131.0.2903.86 (cf5bf303997c..., userDataDir: C:\Users\aru03\AppData\Loca...}, networkConnectionEnabled: false, pageLoadStrategy: normal, platformName: windows, proxy: Proxy(), se:cdp: ws://localhost:61537/devtoo..., se:cdpVersion: 131.0.2903.99, setWindowRect: true, strictFileInteractability: false, timeouts: {implicit: 0, pageLoad: 300000, script: 30000}, unhandledPromptBehavior: dismiss and notify, webauthn:extension:credBlob: true, webauthn:extension:largeBlob: true, webauthn:extension:minPinLength: true, webauthn:extension:prf: true, webauthn:virtualAuthenticators: true}
Element: [[EdgeDriver: MicrosoftEdge on windows (2ac6ca045c940d28453ca181d267ef4a)] -> xpath: //div[@class='FPdoLc lJ9FBc']//input[@name='btnK']]
Session ID: 2ac6ca045c940d28453ca181d267ef4a
at org.openqa.selenium.remote.ErrorCodec.decode(ErrorCodec.java:167)
at org.openqa.selenium.remote.codec.w3c.W3CHttpResponseCodec.decode(W3CHttpResponseCodec.java:138)
at org.openqa.selenium.remote.codec.w3c.W3CHttpResponseCodec.decode(W3CHttpResponseCodec.java:50)
at org.openqa.selenium.remote.HttpCommandExecutor.execute(HttpCommandExecutor.java:190)
at org.openqa.selenium.remote.service.DriverCommandExecutor.invokeExecute(DriverCommandExecutor.java:216)
at org.openqa.selenium.remote.service.DriverCommandExecutor.execute(DriverCommandExecutor.java:174)
at org.openqa.selenium.remote.RemoteWebDriver.execute(RemoteWebDriver.java:545)
at org.openqa.selenium.remote.RemoteWebElement.execute(RemoteWebElement.java:223)
at org.openqa.selenium.remote.RemoteWebElement.click(RemoteWebElement.java:76)
at com.synechron.selenium.basics.utils.DriverUtils.click(DriverUtils.java:148)
at com.synechron.selenium.basics.elements.PrintSearchResults.printSearchResults(PrintSearchResults.java:17)
at java.base/java.util.ArrayList.forEach(ArrayList.java:1511)
at com.intellij.rt.testng.IDEARemoteTestNG.run(IDEARemoteTestNG.java:65)
at com.intellij.rt.testng.RemoteTestNGStarter.main(RemoteTestNGStarter.java:105)
... Removed 29 stack frames]]>
    </failure>
  </testcase> <!-- printSearchResults -->
  <testcase classname="com.synechron.selenium.basics.pom.test.FormyTest" name="enterFormData" time="3.488"/>
  <testcase classname="com.synechron.selenium.basics.pom.test.FormyTest" name="enterFormData" time="1.273"/>
  <testcase classname="com.synechron.selenium.basics.pom.test.FormyTest" name="enterFormData" time="1.848"/>
  <testcase classname="com.synechron.selenium.basics.pom.test.FormyTest" name="enterFormData" time="1.255"/>
  <testcase classname="com.synechron.selenium.basics.pom.test.FormyTest" name="enterFormData" time="1.099"/>
  <testcase classname="com.synechron.selenium.basics.js.JavaScriptDemo" name="scrollToElementUsingJS" time="8.178"/>
  <testcase classname="com.synechron.selenium.basics.js.JavaScriptDemo" name="scrollUsingJS" time="6.651"/>
  <testcase classname="com.synechron.selenium.basics.switchTo.HandlingAlerts" name="alertWithTextBoxDemo" time="15.968"/>
  <testcase classname="com.synechron.selenium.basics.switchTo.HandlingAlerts" name="handleAlertsDemo" time="16.255"/>
  <testcase classname="com.synechron.selenium.basics.switchTo.HandlingFrames" name="dragAndDropDemo" time="11.147"/>
  <testcase classname="com.synechron.selenium.basics.switchTo.HandlingMultiBrowser" name="validateMultipleBrowsers" time="18.39"/>
</testsuite> <!-- SeleniumTraining -->
