<!DOCTYPE html PUBLIC "-//W3C//DTD XHTML 1.1//EN" "https://www.w3.org/TR/xhtml11/DTD/xhtml11.dtd">
<html xmlns="https://www.w3.org/1999/xhtml">
<head>
<meta http-equiv="content-type" content="text/html; charset=UTF-8"/>
<title>TestNG Report</title>
<style type="text/css">table {margin-bottom:10px;border-collapse:collapse;empty-cells:show}th,td {border:1px solid #009;padding:.25em .5em}th {vertical-align:bottom}td {vertical-align:top}table a {font-weight:bold}.stripe td {background-color: #E6EBF9}.num {text-align:right}.passedodd td {background-color: #3F3}.passedeven td {background-color: #0A0}.skippedodd td {background-color: #DDD}.skippedeven td {background-color: #CCC}.failedodd td,.attn {background-color: #F33}.failedeven td,.stripe .attn {background-color: #D00}.stacktrace {white-space:pre;font-family:monospace}.totop {font-size:85%;text-align:center;border-bottom:2px solid #000}.invisible {display:none}</style>
</head>
<body>
<table>
<tr><th>Test</th><th># Passed</th><th># Skipped</th><th># Retried</th><th># Failed</th><th>Time (ms)</th><th>Included Groups</th><th>Excluded Groups</th></tr>
<tr><th colspan="8">Default Suite</th></tr>
<tr><td><a href="#t0">SeleniumTraining</a></td><td class="num">29</td><td class="num">0</td><td class="num">0</td><td class="num attn">5</td><td class="num">304,961</td><td></td><td></td></tr>
</table>
<table id='summary'><thead><tr><th>Class</th><th>Method</th><th>Start</th><th>Time (ms)</th></tr></thead><tbody><tr><th colspan="4">Default Suite</th></tr></tbody><tbody id="t0"><tr><th colspan="4">SeleniumTraining &#8212; failed</th></tr><tr class="failedeven"><td rowspan="2">com.synechron.selenium.basics.actions.ActiondDemo</td><td><a href="#m0">dragAndDrop</a></td><td rowspan="1">1734075723229</td><td rowspan="1">8360</td></tr><tr class="failedeven"><td><a href="#m1">miscDemo</a></td><td rowspan="1">1734075744602</td><td rowspan="1">5675</td></tr><tr class="failedodd"><td rowspan="1">com.synechron.selenium.basics.elements.PrintSearchResults</td><td><a href="#m2">printSearchResults</a></td><td rowspan="1">1734075808674</td><td rowspan="1">11699</td></tr><tr class="failedeven"><td rowspan="2">com.synechron.selenium.basics.waits.WebDriverWaitDemo</td><td><a href="#m3">fluentwaitDemo2</a></td><td rowspan="1">1734075634581</td><td rowspan="1">60285</td></tr><tr class="failedeven"><td><a href="#m4">webDriverWaitDemo</a></td><td rowspan="1">1734075699995</td><td rowspan="1">10613</td></tr><tr><th colspan="4">SeleniumTraining &#8212; passed</th></tr><tr class="passedeven"><td rowspan="1">com.synechron.selenium.basics.AutoSuggestions</td><td><a href="#m5">testAutoSuggestions</a></td><td rowspan="1">1734075611827</td><td rowspan="1">10011</td></tr><tr class="passedodd"><td rowspan="2">com.synechron.selenium.basics.actions.ActiondDemo</td><td><a href="#m6">dragAndDropDemo</a></td><td rowspan="1">1734075735879</td><td rowspan="1">3724</td></tr><tr class="passedodd"><td><a href="#m7">mouseMovementDemo</a></td><td rowspan="1">1734075755089</td><td rowspan="1">19063</td></tr><tr class="passedeven"><td rowspan="1">com.synechron.selenium.basics.data.RegisterCustomer</td><td><a href="#m8">dropDownUsingSelect</a></td><td rowspan="1">1734075793266</td><td rowspan="1">15408</td></tr><tr class="passedodd"><td rowspan="2">com.synechron.selenium.basics.dropdown.NonSelectTagDemo</td><td><a href="#m9">dropDownUsingSelect</a></td><td rowspan="1">1734075775513</td><td rowspan="1">10356</td></tr><tr class="passedodd"><td><a href="#m10">dropDowntest</a></td><td rowspan="1">1734075785873</td><td rowspan="1">7390</td></tr><tr class="passedeven"><td rowspan="2">com.synechron.selenium.basics.js.JavaScriptDemo</td><td><a href="#m11">scrollToElementUsingJS</a></td><td rowspan="1">1734075840082</td><td rowspan="1">8178</td></tr><tr class="passedeven"><td><a href="#m12">scrollUsingJS</a></td><td rowspan="1">1734075848260</td><td rowspan="1">6651</td></tr><tr class="passedodd"><td rowspan="5">com.synechron.selenium.basics.pom.test.FormyTest</td><td><a href="#m13">enterFormData</a></td><td rowspan="5">1734075829875</td><td rowspan="5">1273</td></tr><tr class="passedodd"><td><a href="#m14">enterFormData</a></td></tr><tr class="passedodd"><td><a href="#m15">enterFormData</a></td></tr><tr class="passedodd"><td><a href="#m16">enterFormData</a></td></tr><tr class="passedodd"><td><a href="#m17">enterFormData</a></td></tr><tr class="passedeven"><td rowspan="2">com.synechron.selenium.basics.switchTo.HandlingAlerts</td><td><a href="#m18">alertWithTextBoxDemo</a></td><td rowspan="1">1734075854913</td><td rowspan="1">15968</td></tr><tr class="passedeven"><td><a href="#m19">handleAlertsDemo</a></td><td rowspan="1">1734075870881</td><td rowspan="1">16255</td></tr><tr class="passedodd"><td rowspan="1">com.synechron.selenium.basics.switchTo.HandlingFrames</td><td><a href="#m20">dragAndDropDemo</a></td><td rowspan="1">1734075887143</td><td rowspan="1">11147</td></tr><tr class="passedeven"><td rowspan="1">com.synechron.selenium.basics.switchTo.HandlingMultiBrowser</td><td><a href="#m21">validateMultipleBrowsers</a></td><td rowspan="1">1734075898290</td><td rowspan="1">18390</td></tr><tr class="passedodd"><td rowspan="1">com.synechron.selenium.basics.testng.HelloWorldTestNG</td><td><a href="#m22">testHelloWorld</a></td><td rowspan="1">1734075711752</td><td rowspan="1">2</td></tr><tr class="passedeven"><td rowspan="9">com.synechron.selenium.basics.testng.TestNGAllAnnotations</td><td><a href="#m23">test1</a></td><td rowspan="1">1734075711761</td><td rowspan="1">0</td></tr><tr class="passedeven"><td><a href="#m24">test2</a></td><td rowspan="8">1734075711787</td><td rowspan="8">1</td></tr><tr class="passedeven"><td><a href="#m25">test2</a></td></tr><tr class="passedeven"><td><a href="#m26">test2</a></td></tr><tr class="passedeven"><td><a href="#m27">test2</a></td></tr><tr class="passedeven"><td><a href="#m28">test2</a></td></tr><tr class="passedeven"><td><a href="#m29">test2</a></td></tr><tr class="passedeven"><td><a href="#m30">test2</a></td></tr><tr class="passedeven"><td><a href="#m31">test2</a></td></tr><tr class="passedodd"><td rowspan="1">com.synechron.selenium.basics.tooltip.ValidateToolTip</td><td><a href="#m32">validateToolTip</a></td><td rowspan="1">1734075711795</td><td rowspan="1">8075</td></tr><tr class="passedeven"><td rowspan="1">com.synechron.selenium.basics.waits.WebDriverWaitDemo</td><td><a href="#m33">fluentWaitDemo</a></td><td rowspan="1">1734075625430</td><td rowspan="1">3382</td></tr></tbody>
</table>
<h2>SeleniumTraining</h2><h3 id="m0">com.synechron.selenium.basics.actions.ActiondDemo#dragAndDrop</h3><table class="result"><tr><th>Exception</th></tr><tr><td><div class="stacktrace">org.openqa.selenium.WebDriverException: target frame detached: received Inspector.detached event
  (failed to check if window was closed: disconnected: Unable to receive message from renderer)
  (Session info: MicrosoftEdge=131.0.2903.99)
Build info: version: &apos;4.27.0&apos;, revision: &apos;d6e718d134&apos;
System info: os.name: &apos;Windows 11&apos;, os.arch: &apos;amd64&apos;, os.version: &apos;10.0&apos;, java.version: &apos;17.0.10&apos;
Driver info: org.openqa.selenium.edge.EdgeDriver
Command: [065b57fabc4832d3349ce9d5dfd1a644, get {url=http://jqueryui.com//draggable}]
Capabilities {acceptInsecureCerts: false, browserName: MicrosoftEdge, browserVersion: 131.0.2903.99, fedcm:accounts: true, ms:edgeOptions: {debuggerAddress: localhost:60996}, msedge: {msedgedriverVersion: 131.0.2903.86 (cf5bf303997c..., userDataDir: C:\Users\aru03\AppData\Loca...}, networkConnectionEnabled: false, pageLoadStrategy: normal, platformName: windows, proxy: Proxy(), se:cdp: ws://localhost:60996/devtoo..., se:cdpVersion: 131.0.2903.99, setWindowRect: true, strictFileInteractability: false, timeouts: {implicit: 0, pageLoad: 300000, script: 30000}, unhandledPromptBehavior: dismiss and notify, webauthn:extension:credBlob: true, webauthn:extension:largeBlob: true, webauthn:extension:minPinLength: true, webauthn:extension:prf: true, webauthn:virtualAuthenticators: true}
Session ID: 065b57fabc4832d3349ce9d5dfd1a644
	at org.openqa.selenium.remote.ErrorCodec.decode(ErrorCodec.java:167)
	at org.openqa.selenium.remote.codec.w3c.W3CHttpResponseCodec.decode(W3CHttpResponseCodec.java:138)
	at org.openqa.selenium.remote.codec.w3c.W3CHttpResponseCodec.decode(W3CHttpResponseCodec.java:50)
	at org.openqa.selenium.remote.HttpCommandExecutor.execute(HttpCommandExecutor.java:190)
	at org.openqa.selenium.remote.service.DriverCommandExecutor.invokeExecute(DriverCommandExecutor.java:216)
	at org.openqa.selenium.remote.service.DriverCommandExecutor.execute(DriverCommandExecutor.java:174)
	at org.openqa.selenium.remote.RemoteWebDriver.execute(RemoteWebDriver.java:545)
	at org.openqa.selenium.remote.RemoteWebDriver.get(RemoteWebDriver.java:313)
	at com.synechron.selenium.basics.utils.ApplicationUtils.launchApplication(ApplicationUtils.java:12)
	at com.synechron.selenium.basics.actions.ActiondDemo.dragAndDrop(ActiondDemo.java:94)
	at java.base/java.util.ArrayList.forEach(ArrayList.java:1511)
	at com.intellij.rt.testng.IDEARemoteTestNG.run(IDEARemoteTestNG.java:65)
	at com.intellij.rt.testng.RemoteTestNGStarter.main(RemoteTestNGStarter.java:105)
... Removed 29 stack frames</div></td></tr></table><p class="totop"><a href="#summary">back to summary</a></p>
<h3 id="m1">com.synechron.selenium.basics.actions.ActiondDemo#miscDemo</h3><table class="result"><tr><th>Exception</th></tr><tr><td><div class="stacktrace">org.openqa.selenium.NoSuchFrameException: no such frame
  (Session info: MicrosoftEdge=131.0.2903.99)
Build info: version: &apos;4.27.0&apos;, revision: &apos;d6e718d134&apos;
System info: os.name: &apos;Windows 11&apos;, os.arch: &apos;amd64&apos;, os.version: &apos;10.0&apos;, java.version: &apos;17.0.10&apos;
Driver info: org.openqa.selenium.edge.EdgeDriver
Command: [c806da1739694a1e95e2b6a99249f586, switchToFrame {id=0}]
Capabilities {acceptInsecureCerts: false, browserName: MicrosoftEdge, browserVersion: 131.0.2903.99, fedcm:accounts: true, ms:edgeOptions: {debuggerAddress: localhost:61122}, msedge: {msedgedriverVersion: 131.0.2903.86 (cf5bf303997c..., userDataDir: C:\Users\aru03\AppData\Loca...}, networkConnectionEnabled: false, pageLoadStrategy: normal, platformName: windows, proxy: Proxy(), se:cdp: ws://localhost:61122/devtoo..., se:cdpVersion: 131.0.2903.99, setWindowRect: true, strictFileInteractability: false, timeouts: {implicit: 0, pageLoad: 300000, script: 30000}, unhandledPromptBehavior: dismiss and notify, webauthn:extension:credBlob: true, webauthn:extension:largeBlob: true, webauthn:extension:minPinLength: true, webauthn:extension:prf: true, webauthn:virtualAuthenticators: true}
Session ID: c806da1739694a1e95e2b6a99249f586
	at org.openqa.selenium.remote.ErrorCodec.decode(ErrorCodec.java:167)
	at org.openqa.selenium.remote.codec.w3c.W3CHttpResponseCodec.decode(W3CHttpResponseCodec.java:138)
	at org.openqa.selenium.remote.codec.w3c.W3CHttpResponseCodec.decode(W3CHttpResponseCodec.java:50)
	at org.openqa.selenium.remote.HttpCommandExecutor.execute(HttpCommandExecutor.java:190)
	at org.openqa.selenium.remote.service.DriverCommandExecutor.invokeExecute(DriverCommandExecutor.java:216)
	at org.openqa.selenium.remote.service.DriverCommandExecutor.execute(DriverCommandExecutor.java:174)
	at org.openqa.selenium.remote.RemoteWebDriver.execute(RemoteWebDriver.java:545)
	at org.openqa.selenium.remote.RemoteWebDriver$RemoteTargetLocator.frame(RemoteWebDriver.java:1108)
	at com.synechron.selenium.basics.actions.ActiondDemo.miscDemo(ActiondDemo.java:83)
	at java.base/java.util.ArrayList.forEach(ArrayList.java:1511)
	at com.intellij.rt.testng.IDEARemoteTestNG.run(IDEARemoteTestNG.java:65)
	at com.intellij.rt.testng.RemoteTestNGStarter.main(RemoteTestNGStarter.java:105)
... Removed 29 stack frames</div></td></tr></table><p class="totop"><a href="#summary">back to summary</a></p>
<h3 id="m2">com.synechron.selenium.basics.elements.PrintSearchResults#printSearchResults</h3><table class="result"><tr><th>Exception</th></tr><tr><td><div class="stacktrace">org.openqa.selenium.ElementClickInterceptedException: element click intercepted: Element &lt;input class=&quot;gNO89b&quot; value=&quot;Google Search&quot; aria-label=&quot;Google Search&quot; name=&quot;btnK&quot; role=&quot;button&quot; tabindex=&quot;0&quot; type=&quot;submit&quot; data-ved=&quot;0ahUKEwiBi9Ljn6SKAxUlIrkGHYSAG0cQ4dUDCBQ&quot;&gt; is not clickable at point (551, 330). Other element would receive the click: &lt;div class=&quot;pcTkSc&quot;&gt;...&lt;/div&gt;
  (Session info: MicrosoftEdge=131.0.2903.99)
Build info: version: &apos;4.27.0&apos;, revision: &apos;d6e718d134&apos;
System info: os.name: &apos;Windows 11&apos;, os.arch: &apos;amd64&apos;, os.version: &apos;10.0&apos;, java.version: &apos;17.0.10&apos;
Driver info: org.openqa.selenium.edge.EdgeDriver
Command: [2ac6ca045c940d28453ca181d267ef4a, clickElement {id=f.7A2F206639ACF0FDF8EE35DB8A0C3E28.d.B9A98EED8139DD159EAD15CD9CC800E2.e.17}]
Capabilities {acceptInsecureCerts: false, browserName: MicrosoftEdge, browserVersion: 131.0.2903.99, fedcm:accounts: true, ms:edgeOptions: {debuggerAddress: localhost:61537}, msedge: {msedgedriverVersion: 131.0.2903.86 (cf5bf303997c..., userDataDir: C:\Users\aru03\AppData\Loca...}, networkConnectionEnabled: false, pageLoadStrategy: normal, platformName: windows, proxy: Proxy(), se:cdp: ws://localhost:61537/devtoo..., se:cdpVersion: 131.0.2903.99, setWindowRect: true, strictFileInteractability: false, timeouts: {implicit: 0, pageLoad: 300000, script: 30000}, unhandledPromptBehavior: dismiss and notify, webauthn:extension:credBlob: true, webauthn:extension:largeBlob: true, webauthn:extension:minPinLength: true, webauthn:extension:prf: true, webauthn:virtualAuthenticators: true}
Element: [[EdgeDriver: MicrosoftEdge on windows (2ac6ca045c940d28453ca181d267ef4a)] -&gt; xpath: //div[@class=&apos;FPdoLc lJ9FBc&apos;]//input[@name=&apos;btnK&apos;]]
Session ID: 2ac6ca045c940d28453ca181d267ef4a
	at org.openqa.selenium.remote.ErrorCodec.decode(ErrorCodec.java:167)
	at org.openqa.selenium.remote.codec.w3c.W3CHttpResponseCodec.decode(W3CHttpResponseCodec.java:138)
	at org.openqa.selenium.remote.codec.w3c.W3CHttpResponseCodec.decode(W3CHttpResponseCodec.java:50)
	at org.openqa.selenium.remote.HttpCommandExecutor.execute(HttpCommandExecutor.java:190)
	at org.openqa.selenium.remote.service.DriverCommandExecutor.invokeExecute(DriverCommandExecutor.java:216)
	at org.openqa.selenium.remote.service.DriverCommandExecutor.execute(DriverCommandExecutor.java:174)
	at org.openqa.selenium.remote.RemoteWebDriver.execute(RemoteWebDriver.java:545)
	at org.openqa.selenium.remote.RemoteWebElement.execute(RemoteWebElement.java:223)
	at org.openqa.selenium.remote.RemoteWebElement.click(RemoteWebElement.java:76)
	at com.synechron.selenium.basics.utils.DriverUtils.click(DriverUtils.java:148)
	at com.synechron.selenium.basics.elements.PrintSearchResults.printSearchResults(PrintSearchResults.java:17)
	at java.base/java.util.ArrayList.forEach(ArrayList.java:1511)
	at com.intellij.rt.testng.IDEARemoteTestNG.run(IDEARemoteTestNG.java:65)
	at com.intellij.rt.testng.RemoteTestNGStarter.main(RemoteTestNGStarter.java:105)
... Removed 29 stack frames</div></td></tr></table><p class="totop"><a href="#summary">back to summary</a></p>
<h3 id="m3">com.synechron.selenium.basics.waits.WebDriverWaitDemo#fluentwaitDemo2</h3><table class="result"><tr><th>Exception</th></tr><tr><td><div class="stacktrace">org.openqa.selenium.TimeoutException: Expected condition failed: waiting for com.synechron.selenium.basics.waits.WebDriverWaitDemo$2@6e0ff644 (tried for 60 second(s) with 100 milliseconds interval)
	at org.openqa.selenium.support.ui.FluentWait.timeoutException(FluentWait.java:265)
	at org.openqa.selenium.support.ui.FluentWait.until(FluentWait.java:228)
	at com.synechron.selenium.basics.waits.WebDriverWaitDemo.fluentwaitDemo2(WebDriverWaitDemo.java:101)
	at java.base/java.util.ArrayList.forEach(ArrayList.java:1511)
	at com.intellij.rt.testng.IDEARemoteTestNG.run(IDEARemoteTestNG.java:65)
	at com.intellij.rt.testng.RemoteTestNGStarter.main(RemoteTestNGStarter.java:105)
Caused by: org.openqa.selenium.NoSuchWindowException: no such window: target window already closed
from unknown error: web view not found
  (Session info: MicrosoftEdge=131.0.2903.99)
Build info: version: &apos;4.27.0&apos;, revision: &apos;d6e718d134&apos;
System info: os.name: &apos;Windows 11&apos;, os.arch: &apos;amd64&apos;, os.version: &apos;10.0&apos;, java.version: &apos;17.0.10&apos;
Driver info: org.openqa.selenium.edge.EdgeDriver
Command: [7190d82a6008eb38c46b3704a3aef3d0, getElementText {id=f.9C5B0173577E7F2D43B076B438DBBA0E.d.57F9E1966EF7D9215B9930C465EE7C56.e.2}]
Capabilities {acceptInsecureCerts: false, browserName: MicrosoftEdge, browserVersion: 131.0.2903.99, fedcm:accounts: true, ms:edgeOptions: {debuggerAddress: localhost:60584}, msedge: {msedgedriverVersion: 131.0.2903.86 (cf5bf303997c..., userDataDir: C:\Users\aru03\AppData\Loca...}, networkConnectionEnabled: false, pageLoadStrategy: normal, platformName: windows, proxy: Proxy(), se:cdp: ws://localhost:60584/devtoo..., se:cdpVersion: 131.0.2903.99, setWindowRect: true, strictFileInteractability: false, timeouts: {implicit: 0, pageLoad: 300000, script: 30000}, unhandledPromptBehavior: dismiss and notify, webauthn:extension:credBlob: true, webauthn:extension:largeBlob: true, webauthn:extension:minPinLength: true, webauthn:extension:prf: true, webauthn:virtualAuthenticators: true}
Element: [[EdgeDriver: MicrosoftEdge on windows (7190d82a6008eb38c46b3704a3aef3d0)] -&gt; id: counter]
Session ID: 7190d82a6008eb38c46b3704a3aef3d0
	at org.openqa.selenium.remote.ErrorCodec.decode(ErrorCodec.java:167)
	at org.openqa.selenium.remote.codec.w3c.W3CHttpResponseCodec.decode(W3CHttpResponseCodec.java:138)
	at org.openqa.selenium.remote.codec.w3c.W3CHttpResponseCodec.decode(W3CHttpResponseCodec.java:50)
	at org.openqa.selenium.remote.HttpCommandExecutor.execute(HttpCommandExecutor.java:190)
	at org.openqa.selenium.remote.service.DriverCommandExecutor.invokeExecute(DriverCommandExecutor.java:216)
	at org.openqa.selenium.remote.service.DriverCommandExecutor.execute(DriverCommandExecutor.java:174)
	at org.openqa.selenium.remote.RemoteWebDriver.execute(RemoteWebDriver.java:545)
	at org.openqa.selenium.remote.RemoteWebElement.execute(RemoteWebElement.java:223)
	at org.openqa.selenium.remote.RemoteWebElement.getText(RemoteWebElement.java:191)
	at com.synechron.selenium.basics.waits.WebDriverWaitDemo$2.apply(WebDriverWaitDemo.java:90)
	at com.synechron.selenium.basics.waits.WebDriverWaitDemo$2.apply(WebDriverWaitDemo.java:88)
	at org.openqa.selenium.support.ui.FluentWait.until(FluentWait.java:203)
	... 28 more
... Removed 28 stack frames</div></td></tr></table><p class="totop"><a href="#summary">back to summary</a></p>
<h3 id="m4">com.synechron.selenium.basics.waits.WebDriverWaitDemo#webDriverWaitDemo</h3><table class="result"><tr><th>Exception</th></tr><tr><td><div class="stacktrace">org.openqa.selenium.TimeoutException: Expected condition failed: waiting for visibility of [[EdgeDriver: MicrosoftEdge on windows (04cd63879e15b74d6a490f20d637db50)] -&gt; id: demo] (tried for 10 second(s) with 500 milliseconds interval)
	at org.openqa.selenium.support.ui.WebDriverWait.timeoutException(WebDriverWait.java:84)
	at org.openqa.selenium.support.ui.FluentWait.until(FluentWait.java:228)
	at com.synechron.selenium.basics.waits.WebDriverWaitDemo.webDriverWaitDemo(WebDriverWaitDemo.java:35)
	at java.base/java.util.ArrayList.forEach(ArrayList.java:1511)
	at com.intellij.rt.testng.IDEARemoteTestNG.run(IDEARemoteTestNG.java:65)
	at com.intellij.rt.testng.RemoteTestNGStarter.main(RemoteTestNGStarter.java:105)
Caused by: org.openqa.selenium.NoSuchWindowException: no such window: target window already closed
from unknown error: web view not found
  (Session info: MicrosoftEdge=131.0.2903.99)
Build info: version: &apos;4.27.0&apos;, revision: &apos;d6e718d134&apos;
System info: os.name: &apos;Windows 11&apos;, os.arch: &apos;amd64&apos;, os.version: &apos;10.0&apos;, java.version: &apos;17.0.10&apos;
Driver info: org.openqa.selenium.edge.EdgeDriver
Command: [04cd63879e15b74d6a490f20d637db50, isElementDisplayed {id=f.F2E72A93A7A3CA9CB935E4074C67DADA.d.E4882975B28C5F592592B4A643F3E02B.e.4}]
Capabilities {acceptInsecureCerts: false, browserName: MicrosoftEdge, browserVersion: 131.0.2903.99, fedcm:accounts: true, ms:edgeOptions: {debuggerAddress: localhost:60865}, msedge: {msedgedriverVersion: 131.0.2903.86 (cf5bf303997c..., userDataDir: C:\Users\aru03\AppData\Loca...}, networkConnectionEnabled: false, pageLoadStrategy: normal, platformName: windows, proxy: Proxy(), se:cdp: ws://localhost:60865/devtoo..., se:cdpVersion: 131.0.2903.99, setWindowRect: true, strictFileInteractability: false, timeouts: {implicit: 0, pageLoad: 300000, script: 30000}, unhandledPromptBehavior: dismiss and notify, webauthn:extension:credBlob: true, webauthn:extension:largeBlob: true, webauthn:extension:minPinLength: true, webauthn:extension:prf: true, webauthn:virtualAuthenticators: true}
Element: [[EdgeDriver: MicrosoftEdge on windows (04cd63879e15b74d6a490f20d637db50)] -&gt; id: demo]
Session ID: 04cd63879e15b74d6a490f20d637db50
	at org.openqa.selenium.remote.ErrorCodec.decode(ErrorCodec.java:167)
	at org.openqa.selenium.remote.codec.w3c.W3CHttpResponseCodec.decode(W3CHttpResponseCodec.java:138)
	at org.openqa.selenium.remote.codec.w3c.W3CHttpResponseCodec.decode(W3CHttpResponseCodec.java:50)
	at org.openqa.selenium.remote.HttpCommandExecutor.execute(HttpCommandExecutor.java:190)
	at org.openqa.selenium.remote.service.DriverCommandExecutor.invokeExecute(DriverCommandExecutor.java:216)
	at org.openqa.selenium.remote.service.DriverCommandExecutor.execute(DriverCommandExecutor.java:174)
	at org.openqa.selenium.remote.RemoteWebDriver.execute(RemoteWebDriver.java:545)
	at org.openqa.selenium.remote.RemoteWebElement.execute(RemoteWebElement.java:223)
	at org.openqa.selenium.remote.RemoteWebElement.isDisplayed(RemoteWebElement.java:282)
	at org.openqa.selenium.support.ui.ExpectedConditions.elementIfVisible(ExpectedConditions.java:304)
	at org.openqa.selenium.support.ui.ExpectedConditions$10.apply(ExpectedConditions.java:290)
	at org.openqa.selenium.support.ui.ExpectedConditions$10.apply(ExpectedConditions.java:287)
	at org.openqa.selenium.support.ui.FluentWait.until(FluentWait.java:203)
	... 28 more
... Removed 28 stack frames</div></td></tr></table><p class="totop"><a href="#summary">back to summary</a></p>
<h3 id="m5">com.synechron.selenium.basics.AutoSuggestions#testAutoSuggestions</h3><table class="result"><tr><th class="invisible"/></tr></table><p class="totop"><a href="#summary">back to summary</a></p>
<h3 id="m6">com.synechron.selenium.basics.actions.ActiondDemo#dragAndDropDemo</h3><table class="result"><tr><th class="invisible"/></tr></table><p class="totop"><a href="#summary">back to summary</a></p>
<h3 id="m7">com.synechron.selenium.basics.actions.ActiondDemo#mouseMovementDemo</h3><table class="result"><tr><th class="invisible"/></tr></table><p class="totop"><a href="#summary">back to summary</a></p>
<h3 id="m8">com.synechron.selenium.basics.data.RegisterCustomer#dropDownUsingSelect</h3><table class="result"><tr><th class="invisible"/></tr></table><p class="totop"><a href="#summary">back to summary</a></p>
<h3 id="m9">com.synechron.selenium.basics.dropdown.NonSelectTagDemo#dropDownUsingSelect</h3><table class="result"><tr><th class="invisible"/></tr></table><p class="totop"><a href="#summary">back to summary</a></p>
<h3 id="m10">com.synechron.selenium.basics.dropdown.NonSelectTagDemo#dropDowntest</h3><table class="result"><tr><th class="invisible"/></tr></table><p class="totop"><a href="#summary">back to summary</a></p>
<h3 id="m11">com.synechron.selenium.basics.js.JavaScriptDemo#scrollToElementUsingJS</h3><table class="result"><tr><th class="invisible"/></tr></table><p class="totop"><a href="#summary">back to summary</a></p>
<h3 id="m12">com.synechron.selenium.basics.js.JavaScriptDemo#scrollUsingJS</h3><table class="result"><tr><th class="invisible"/></tr></table><p class="totop"><a href="#summary">back to summary</a></p>
<h3 id="m13">com.synechron.selenium.basics.pom.test.FormyTest#enterFormData</h3><table class="result"><tr class="param"><th>Parameter #1</th><th>Parameter #2</th><th>Parameter #3</th></tr><tr class="param stripe"><td>Harry</td><td>H</td><td>Software Engineer</td></tr></table><p class="totop"><a href="#summary">back to summary</a></p>
<h3 id="m14">com.synechron.selenium.basics.pom.test.FormyTest#enterFormData</h3><table class="result"><tr class="param"><th>Parameter #1</th><th>Parameter #2</th><th>Parameter #3</th></tr><tr class="param stripe"><td>Aravinda</td><td>H</td><td>Trainer</td></tr></table><p class="totop"><a href="#summary">back to summary</a></p>
<h3 id="m15">com.synechron.selenium.basics.pom.test.FormyTest#enterFormData</h3><table class="result"><tr class="param"><th>Parameter #1</th><th>Parameter #2</th><th>Parameter #3</th></tr><tr class="param stripe"><td>Kavya</td><td>K</td><td>Director</td></tr></table><p class="totop"><a href="#summary">back to summary</a></p>
<h3 id="m16">com.synechron.selenium.basics.pom.test.FormyTest#enterFormData</h3><table class="result"><tr class="param"><th>Parameter #1</th><th>Parameter #2</th><th>Parameter #3</th></tr><tr class="param stripe"><td>Mohsen</td><td>N</td><td>Managers</td></tr></table><p class="totop"><a href="#summary">back to summary</a></p>
<h3 id="m17">com.synechron.selenium.basics.pom.test.FormyTest#enterFormData</h3><table class="result"><tr class="param"><th>Parameter #1</th><th>Parameter #2</th><th>Parameter #3</th></tr><tr class="param stripe"><td>Giri</td><td>L</td><td>HR</td></tr></table><p class="totop"><a href="#summary">back to summary</a></p>
<h3 id="m18">com.synechron.selenium.basics.switchTo.HandlingAlerts#alertWithTextBoxDemo</h3><table class="result"><tr><th class="invisible"/></tr></table><p class="totop"><a href="#summary">back to summary</a></p>
<h3 id="m19">com.synechron.selenium.basics.switchTo.HandlingAlerts#handleAlertsDemo</h3><table class="result"><tr><th class="invisible"/></tr></table><p class="totop"><a href="#summary">back to summary</a></p>
<h3 id="m20">com.synechron.selenium.basics.switchTo.HandlingFrames#dragAndDropDemo</h3><table class="result"><tr><th class="invisible"/></tr></table><p class="totop"><a href="#summary">back to summary</a></p>
<h3 id="m21">com.synechron.selenium.basics.switchTo.HandlingMultiBrowser#validateMultipleBrowsers</h3><table class="result"><tr><th class="invisible"/></tr></table><p class="totop"><a href="#summary">back to summary</a></p>
<h3 id="m22">com.synechron.selenium.basics.testng.HelloWorldTestNG#testHelloWorld</h3><table class="result"><tr><th class="invisible"/></tr></table><p class="totop"><a href="#summary">back to summary</a></p>
<h3 id="m23">com.synechron.selenium.basics.testng.TestNGAllAnnotations#test1</h3><table class="result"><tr><th class="invisible"/></tr></table><p class="totop"><a href="#summary">back to summary</a></p>
<h3 id="m24">com.synechron.selenium.basics.testng.TestNGAllAnnotations#test2</h3><table class="result"><tr class="param"><th>Parameter #1</th><th>Parameter #2</th></tr><tr class="param stripe"><td>abc</td><td>123</td></tr></table><p class="totop"><a href="#summary">back to summary</a></p>
<h3 id="m25">com.synechron.selenium.basics.testng.TestNGAllAnnotations#test2</h3><table class="result"><tr class="param"><th>Parameter #1</th><th>Parameter #2</th></tr><tr class="param stripe"><td>abc</td><td>123</td></tr></table><p class="totop"><a href="#summary">back to summary</a></p>
<h3 id="m26">com.synechron.selenium.basics.testng.TestNGAllAnnotations#test2</h3><table class="result"><tr class="param"><th>Parameter #1</th><th>Parameter #2</th></tr><tr class="param stripe"><td>abc</td><td>123</td></tr></table><p class="totop"><a href="#summary">back to summary</a></p>
<h3 id="m27">com.synechron.selenium.basics.testng.TestNGAllAnnotations#test2</h3><table class="result"><tr class="param"><th>Parameter #1</th><th>Parameter #2</th></tr><tr class="param stripe"><td>abc</td><td>123</td></tr></table><p class="totop"><a href="#summary">back to summary</a></p>
<h3 id="m28">com.synechron.selenium.basics.testng.TestNGAllAnnotations#test2</h3><table class="result"><tr class="param"><th>Parameter #1</th><th>Parameter #2</th></tr><tr class="param stripe"><td>abc</td><td>123</td></tr></table><p class="totop"><a href="#summary">back to summary</a></p>
<h3 id="m29">com.synechron.selenium.basics.testng.TestNGAllAnnotations#test2</h3><table class="result"><tr class="param"><th>Parameter #1</th><th>Parameter #2</th></tr><tr class="param stripe"><td>abc</td><td>123</td></tr></table><p class="totop"><a href="#summary">back to summary</a></p>
<h3 id="m30">com.synechron.selenium.basics.testng.TestNGAllAnnotations#test2</h3><table class="result"><tr class="param"><th>Parameter #1</th><th>Parameter #2</th></tr><tr class="param stripe"><td>abc</td><td>123</td></tr></table><p class="totop"><a href="#summary">back to summary</a></p>
<h3 id="m31">com.synechron.selenium.basics.testng.TestNGAllAnnotations#test2</h3><table class="result"><tr class="param"><th>Parameter #1</th><th>Parameter #2</th></tr><tr class="param stripe"><td>abc</td><td>123</td></tr></table><p class="totop"><a href="#summary">back to summary</a></p>
<h3 id="m32">com.synechron.selenium.basics.tooltip.ValidateToolTip#validateToolTip</h3><table class="result"><tr><th class="invisible"/></tr></table><p class="totop"><a href="#summary">back to summary</a></p>
<h3 id="m33">com.synechron.selenium.basics.waits.WebDriverWaitDemo#fluentWaitDemo</h3><table class="result"><tr><th class="invisible"/></tr></table><p class="totop"><a href="#summary">back to summary</a></p>
</body>
</html>
